[debug] [2021-06-05T17:17:30.592Z] ----------------------------------------------------------------------
[debug] [2021-06-05T17:17:30.616Z] Command:       C:\Program Files\nodejs\node.exe C:\Users\nanithefvck\AppData\Roaming\npm\node_modules\firebase-tools\lib\bin\firebase.js deploy
[debug] [2021-06-05T17:17:30.619Z] CLI Version:   9.12.1
[debug] [2021-06-05T17:17:30.620Z] Platform:      win32
[debug] [2021-06-05T17:17:30.622Z] Node Version:  v14.17.0
[debug] [2021-06-05T17:17:30.629Z] Time:          Sun Jun 06 2021 00:17:30 GMT+0700 (Western Indonesia Time)
[debug] [2021-06-05T17:17:30.631Z] ----------------------------------------------------------------------
[debug] 
[debug] [2021-06-05T17:17:30.738Z] > command requires scopes: ["email","openid","https://www.googleapis.com/auth/cloudplatformprojects.readonly","https://www.googleapis.com/auth/firebase","https://www.googleapis.com/auth/cloud-platform"]
[debug] [2021-06-05T17:17:30.740Z] > authorizing via signed-in user (nicogulobelas@gmail.com)
[debug] [2021-06-05T17:17:30.741Z] [iam] checking project dev-nic-1ac8e for permissions ["firebase.projects.get","firebasehosting.sites.update"]
[debug] [2021-06-05T17:17:30.761Z] > refreshing access token with scopes: ["email","https://www.googleapis.com/auth/cloud-platform","https://www.googleapis.com/auth/cloudplatformprojects.readonly","https://www.googleapis.com/auth/firebase","openid"]
[debug] [2021-06-05T17:17:30.765Z] >>> HTTP REQUEST POST https://www.googleapis.com/oauth2/v3/token  
 <request body omitted>
[debug] [2021-06-05T17:17:31.257Z] <<< HTTP RESPONSE 200 {"cache-control":"no-cache, no-store, max-age=0, must-revalidate","pragma":"no-cache","expires":"Mon, 01 Jan 1990 00:00:00 GMT","date":"Sat, 05 Jun 2021 17:17:30 GMT","content-type":"application/json; charset=utf-8","vary":"X-Origin, Referer, Origin,Accept-Encoding","server":"scaffolding on HTTPServer2","x-xss-protection":"0","x-frame-options":"SAMEORIGIN","x-content-type-options":"nosniff","alt-svc":"h3-29=\":443\"; ma=2592000,h3-T051=\":443\"; ma=2592000,h3-Q050=\":443\"; ma=2592000,h3-Q046=\":443\"; ma=2592000,h3-Q043=\":443\"; ma=2592000,quic=\":443\"; ma=2592000; v=\"46,43\"","accept-ranges":"none","transfer-encoding":"chunked"}
[debug] [2021-06-05T17:17:31.300Z] >>> HTTP REQUEST POST https://cloudresourcemanager.googleapis.com/v1/projects/dev-nic-1ac8e:testIamPermissions  
 {"permissions":["firebase.projects.get","firebasehosting.sites.update"]}
[debug] [2021-06-05T17:17:32.580Z] <<< HTTP RESPONSE 200 {"content-type":"application/json; charset=UTF-8","vary":"X-Origin, Referer, Origin,Accept-Encoding","date":"Sat, 05 Jun 2021 17:17:32 GMT","server":"ESF","cache-control":"private","x-xss-protection":"0","x-frame-options":"SAMEORIGIN","x-content-type-options":"nosniff","server-timing":"gfet4t7; dur=1040","alt-svc":"h3-29=\":443\"; ma=2592000,h3-T051=\":443\"; ma=2592000,h3-Q050=\":443\"; ma=2592000,h3-Q046=\":443\"; ma=2592000,h3-Q043=\":443\"; ma=2592000,quic=\":443\"; ma=2592000; v=\"46,43\"","accept-ranges":"none","transfer-encoding":"chunked"}
[debug] [2021-06-05T17:17:32.591Z] > refreshing access token with scopes: []
[debug] [2021-06-05T17:17:32.592Z] >>> HTTP REQUEST POST https://www.googleapis.com/oauth2/v3/token  
 <request body omitted>
[debug] [2021-06-05T17:17:32.816Z] <<< HTTP RESPONSE 200 {"cache-control":"no-cache, no-store, max-age=0, must-revalidate","expires":"Mon, 01 Jan 1990 00:00:00 GMT","date":"Sat, 05 Jun 2021 17:17:32 GMT","pragma":"no-cache","content-type":"application/json; charset=utf-8","vary":"X-Origin, Referer, Origin,Accept-Encoding","server":"scaffolding on HTTPServer2","x-xss-protection":"0","x-frame-options":"SAMEORIGIN","x-content-type-options":"nosniff","alt-svc":"h3-29=\":443\"; ma=2592000,h3-T051=\":443\"; ma=2592000,h3-Q050=\":443\"; ma=2592000,h3-Q046=\":443\"; ma=2592000,h3-Q043=\":443\"; ma=2592000,quic=\":443\"; ma=2592000; v=\"46,43\"","accept-ranges":"none","transfer-encoding":"chunked"}
[debug] [2021-06-05T17:17:32.855Z] >>> [apiv2][query] GET https://firebase.googleapis.com/v1beta1/projects/dev-nic-1ac8e [none]
[debug] [2021-06-05T17:18:02.861Z] Timeout reached making request to https://firebase.googleapis.com/v1beta1/projects/dev-nic-1ac8e
[debug] [2021-06-05T17:18:03.666Z] FirebaseError: Timeout reached making request to https://firebase.googleapis.com/v1beta1/projects/dev-nic-1ac8e
    at Client.doRequest (C:\Users\nanithefvck\AppData\Roaming\npm\node_modules\firebase-tools\lib\apiv2.js:209:23)
    at processTicksAndRejections (internal/process/task_queues.js:95:5)
    at async Client.request (C:\Users\nanithefvck\AppData\Roaming\npm\node_modules\firebase-tools\lib\apiv2.js:96:20)
    at async Object.getFirebaseProject (C:\Users\nanithefvck\AppData\Roaming\npm\node_modules\firebase-tools\lib\management\projects.js:290:21)
    at async Object.getDefaultHostingSite (C:\Users\nanithefvck\AppData\Roaming\npm\node_modules\firebase-tools\lib\getDefaultHostingSite.js:8:21)
    at async requireHostingSite (C:\Users\nanithefvck\AppData\Roaming\npm\node_modules\firebase-tools\lib\requireHostingSite.js:9:18)
    at async Object.fn (C:\Users\nanithefvck\AppData\Roaming\npm\node_modules\firebase-tools\lib\commands\deploy.js:66:9)
    at async C:\Users\nanithefvck\AppData\Roaming\npm\node_modules\firebase-tools\lib\command.js:169:17
[error] 
[error] Error: Failed to get Firebase project dev-nic-1ac8e. Please make sure the project exists and your account has permission to access it.
